生成启动时间为 2024/10/21 21:19:48。
     1>项目“D:\Workspace\vc\CountClock\CountClock.vcxproj”在节点 2 上(rebuild 个目标)。
     1>InitializeBuildStatus:
         正在创建“.\Release\CountClock.unsuccessfulbuild”，因为已指定“AlwaysCreate”。
       ClCompile:
         C:\Program Files (x86)\Microsoft Visual Studio 10.0\VC\bin\CL.exe /c /Zi /nologo /W3 /WX- /O2 /Ob1 /Oy- /D WIN32 /D NDEBUG /D _WINDOWS /D _VC80_UPGRADE=0x0600 /D _MBCS /D _AFXDLL /GF /Gm- /EHsc /MD /GS /Gy /fp:precise /Zc:wchar_t /Zc:forScope /Yc"stdafx.h" /Fp".\Release\CountClock.pch" /Fo".\Release\\" /Fd".\Release\vc100.pdb" /Gd /TP /analyze- /errorReport:prompt StdAfx.cpp
         StdAfx.cpp
         _WIN32_WINNT not defined. Defaulting to _WIN32_WINNT_MAXVER (see WinSDKVer.h)
         C:\Program Files (x86)\Microsoft Visual Studio 10.0\VC\bin\CL.exe /c /Zi /nologo /W3 /WX- /O2 /Ob1 /Oy- /D WIN32 /D NDEBUG /D _WINDOWS /D _VC80_UPGRADE=0x0600 /D _MBCS /D _AFXDLL /GF /Gm- /EHsc /MD /GS /Gy /fp:precise /Zc:wchar_t /Zc:forScope /Yu"stdafx.h" /Fp".\Release\CountClock.pch" /Fo".\Release\\" /Fd".\Release\vc100.pdb" /Gd /TP /analyze- /errorReport:prompt CountClock.cpp CountClockDlg.cpp ping.cpp SkinStatic.cpp Timepiece.cpp
         CountClock.cpp
     1>CountClock.cpp(52): warning C4996: 'CWinApp::Enable3dControls': CWinApp::Enable3dControls is no longer needed. You should remove this call.
                 C:\Program Files (x86)\Microsoft Visual Studio 10.0\VC\atlmfc\include\afxwin.h(5344) : 参见“CWinApp::Enable3dControls”的声明
         CountClockDlg.cpp
         ping.cpp
         SkinStatic.cpp
         Timepiece.cpp
         正在生成代码...
       ResourceCompile:
         C:\Program Files (x86)\Microsoft SDKs\Windows\v7.0A\bin\rc.exe /D NDEBUG /D _VC80_UPGRADE=0x0600 /D _AFXDLL /l"0x0804" /nologo /fo".\Release\CountClock.res" CountClock.rc 
       Link:
         C:\Program Files (x86)\Microsoft Visual Studio 10.0\VC\bin\link.exe /ERRORREPORT:PROMPT /OUT:".\Release\CountClock.exe" /INCREMENTAL:NO /NOLOGO /MANIFEST /ManifestFile:".\Release\CountClock.exe.intermediate.manifest" /MANIFESTUAC:"level='asInvoker' uiAccess='false'" /PDB:"D:\Workspace\vc\CountClock\Release\CountClock.pdb" /SUBSYSTEM:WINDOWS /TLBID:1 /DYNAMICBASE /NXCOMPAT /IMPLIB:".\Release\CountClock.lib" /MACHINE:X86 .\Release\CountClock.res
         .\Release\CountClock.obj
         .\Release\CountClockDlg.obj
         .\Release\ping.obj
         .\Release\SkinStatic.obj
         .\Release\StdAfx.obj
         .\Release\Timepiece.obj
         CountClock.vcxproj -> D:\Workspace\vc\CountClock\.\Release\CountClock.exe
       Manifest:
         C:\Program Files (x86)\Microsoft SDKs\Windows\v7.0A\bin\mt.exe /nologo /verbose /outputresource:".\Release\CountClock.exe;#1" /manifest .\Release\CountClock.exe.intermediate.manifest "C:\Program Files (x86)\Microsoft Visual Studio 10.0\VC\Include\Manifest\dpiaware.manifest"
       FinalizeBuildStatus:
         正在删除文件“.\Release\CountClock.unsuccessfulbuild”。
         正在对“.\Release\CountClock.lastbuildstate”执行 Touch 任务。
     1>已完成生成项目“D:\Workspace\vc\CountClock\CountClock.vcxproj”(rebuild 个目标)的操作。

生成成功。

已用时间 00:00:03.79
